<?xml version="1.0" encoding="UTF-8"?>
<!-- Generated by org.testng.reporters.JUnitXMLReporter -->
<testsuite ignored="0" hostname="SarthakDell" failures="0" tests="3" name="Default test" time="24.818" errors="0" timestamp="2023-08-17T21:08:21 GMT-04:00">
  <testcase classname="com.day12.applying_OOP_Automation.SearchProductTest" name="verifySearchWithValidProduct" time="0.938"/>
  <testcase classname="com.day12.applying_OOP_Automation.SearchProductTest" name="verifySearchWithInvalidProduct" time="0.842"/>
  <testcase classname="com.day12.applying_OOP_Automation.SearchProductTest" name="verifySearchWithNoProduct" time="0.543"/>
</testsuite> <!-- Default test -->
