<?xml version="1.0" encoding="UTF-8"?>
<!-- Generated by org.testng.reporters.JUnitXMLReporter -->
<testsuite ignored="3" hostname="SarthakDell" failures="0" tests="1" name="Default test" time="12.939" errors="0" timestamp="2023-09-07T21:29:14 GMT-04:00">
  <testcase classname="com.automation.WebTables.RediffWebTable" name="assignment4" time="12.688"/>
  <testcase classname="com.automation.WebTables.RediffWebTable" name="assignment1" time="0.0">
    <ignored/>
  </testcase> <!-- assignment1 -->
  <testcase classname="com.automation.WebTables.RediffWebTable" name="assignment2" time="0.0">
    <ignored/>
  </testcase> <!-- assignment2 -->
  <testcase classname="com.automation.WebTables.RediffWebTable" name="assignment3" time="0.0">
    <ignored/>
  </testcase> <!-- assignment3 -->
</testsuite> <!-- Default test -->
