<?xml version="1.0" encoding="UTF-8"?>
<!-- Generated by org.testng.reporters.JUnitXMLReporter -->
<testsuite ignored="0" hostname="SarthakDell" failures="0" tests="6" name="Batch Test" time="0.075" errors="0" timestamp="2023-07-27T21:02:07 GMT-04:00">
  <testcase classname="com.day11.TestNG_Part2.Batch_Class_1" name="AA" time="0.008"/>
  <testcase classname="com.day11.TestNG_Part2.Batch_Class_1" name="AB" time="0.002"/>
  <testcase classname="com.day11.TestNG_Part2.Batch_Class_2" name="BB" time="0.002"/>
  <testcase classname="com.day11.TestNG_Part2.Batch_Class_2" name="BC" time="0.002"/>
  <testcase classname="com.day11.TestNG_Part2.Batch_Class_3" name="CC" time="0.004"/>
  <testcase classname="com.day11.TestNG_Part2.Batch_Class_3" name="CD" time="0.001"/>
</testsuite> <!-- Batch Test -->
