<?xml version="1.0" encoding="UTF-8"?>
<!-- Generated by org.testng.reporters.JUnitXMLReporter -->
<testsuite ignored="0" hostname="SarthakDell" failures="0" tests="6" name="Test" time="33.286" errors="0" timestamp="2023-07-27T21:09:37 GMT-04:00">
  <testcase classname="com.day11.TestNG_Part2.Batch_Class_1" name="openGoogle" time="0.874"/>
  <testcase classname="com.day11.TestNG_Part2.Batch_Class_1" name="openAmazon" time="2.452"/>
  <testcase classname="com.day11.TestNG_Part2.Batch_Class_2" name="openFLipkart" time="5.676"/>
  <testcase classname="com.day11.TestNG_Part2.Batch_Class_2" name="openSnapDeal" time="3.889"/>
  <testcase classname="com.day11.TestNG_Part2.Batch_Class_3" name="openRediff" time="2.505"/>
  <testcase classname="com.day11.TestNG_Part2.Batch_Class_3" name="openTN" time="4.08"/>
</testsuite> <!-- Test -->
