<?xml version="1.0" encoding="UTF-8"?>
<!-- Generated by org.testng.reporters.JUnitXMLReporter -->
<testsuite ignored="3" hostname="SarthakDell" failures="0" tests="4" name="Include Exclude Test" time="0.073" errors="0" timestamp="2023-08-20T20:35:57 GMT-04:00">
  <testcase classname="com.day13.TestNG_MoreConcepts.RegisterTest" name="Register1" time="0.009"/>
  <testcase classname="com.day13.TestNG_MoreConcepts.LoginTest" name="Login1" time="0.001"/>
  <testcase classname="com.day13.TestNG_MoreConcepts.LoginTest" name="Login3" time="0.003"/>
  <testcase classname="com.day13.TestNG_MoreConcepts.SearchProductTest" name="searchProductTest1" time="0.001"/>
  <testcase classname="com.day13.TestNG_MoreConcepts.SearchProductTest" name="searchProductTest2" time="0.0">
    <ignored/>
  </testcase> <!-- searchProductTest2 -->
  <testcase classname="com.day13.TestNG_MoreConcepts.RegisterTest" name="Register2" time="0.0">
    <ignored/>
  </testcase> <!-- Register2 -->
  <testcase classname="com.day13.TestNG_MoreConcepts.LoginTest" name="Login2" time="0.0">
    <ignored/>
  </testcase> <!-- Login2 -->
</testsuite> <!-- Include Exclude Test -->
