<?xml version="1.0" encoding="UTF-8"?>
<testng-results ignored="0" total="1" passed="1" failed="0" skipped="0">
  <reporter-output>
  </reporter-output>
  <suite started-at="2023-08-31T21:35:35 GMT-04:00" name="Default suite" finished-at="2023-08-31T21:35:50 GMT-04:00" duration-ms="14874">
    <groups>
    </groups>
    <test started-at="2023-08-31T21:35:35 GMT-04:00" name="Default test" finished-at="2023-08-31T21:35:50 GMT-04:00" duration-ms="14874">
      <class name="com.automation.datePickers_Calendars.Calendar_DatePicker2">
        <test-method signature="datePickerType1()[pri:0, instance:com.automation.datePickers_Calendars.Calendar_DatePicker2@712625fd]" started-at="2023-08-31T21:35:35 GMT-04:00" name="datePickerType1" finished-at="2023-08-31T21:35:50 GMT-04:00" duration-ms="14804" status="PASS">
          <reporter-output>
          </reporter-output>
        </test-method> <!-- datePickerType1 -->
      </class> <!-- com.automation.datePickers_Calendars.Calendar_DatePicker2 -->
    </test> <!-- Default test -->
  </suite> <!-- Default suite -->
</testng-results>
